<?xml version="1.0" encoding="UTF-8"?>
<testng-results skipped="0" failed="0" ignored="0" total="1" passed="1">
  <reporter-output>
  </reporter-output>
  <suite name="Default suite" duration-ms="20698" started-at="2020-10-24T08:15:08Z" finished-at="2020-10-24T08:15:29Z">
    <groups>
    </groups>
    <test name="Default test" duration-ms="20698" started-at="2020-10-24T08:15:08Z" finished-at="2020-10-24T08:15:29Z">
      <class name="com.crm.qa.testcases.HomePageTest">
        <test-method status="PASS" signature="setUp()[pri:0, instance:com.crm.qa.testcases.HomePageTest@2f686d1f]" name="setUp" is-config="true" duration-ms="16384" started-at="2020-10-24T13:45:08Z" finished-at="2020-10-24T13:45:25Z">
          <reporter-output>
          </reporter-output>
        </test-method> <!-- setUp -->
        <test-method status="PASS" signature="verifyMenuOptionsList()[pri:0, instance:com.crm.qa.testcases.HomePageTest@2f686d1f]" name="verifyMenuOptionsList" duration-ms="3439" started-at="2020-10-24T13:45:25Z" finished-at="2020-10-24T13:45:28Z">
          <reporter-output>
          </reporter-output>
        </test-method> <!-- verifyMenuOptionsList -->
        <test-method status="PASS" signature="tearDown()[pri:0, instance:com.crm.qa.testcases.HomePageTest@2f686d1f]" name="tearDown" is-config="true" duration-ms="828" started-at="2020-10-24T13:45:28Z" finished-at="2020-10-24T13:45:29Z">
          <reporter-output>
          </reporter-output>
        </test-method> <!-- tearDown -->
      </class> <!-- com.crm.qa.testcases.HomePageTest -->
    </test> <!-- Default test -->
  </suite> <!-- Default suite -->
</testng-results>
